<?xml version="1.0" encoding="UTF-8"?>
<!-- Generated by org.testng.reporters.JUnitReportReporter -->
<testsuite hostname="DESKTOP-N8UCBGL" name="swiftpass.testcase.runners.DepartmentTestCaseRunner" tests="20" failures="0" timestamp="18 Apr 2017 16:31:55 GMT" time="306.466" errors="0">
  <testcase name="runEdit" time="12.496" classname="swiftpass.testcase.runners.DepartmentTestCaseRunner"/>
  <testcase name="runAdd" time="21.013" classname="swiftpass.testcase.runners.DepartmentTestCaseRunner"/>
  <testcase name="runSearch" time="4.230" classname="swiftpass.testcase.runners.DepartmentTestCaseRunner"/>
  <testcase name="runSearch" time="17.940" classname="swiftpass.testcase.runners.DepartmentTestCaseRunner"/>
  <testcase name="runAdd" time="4.987" classname="swiftpass.testcase.runners.DepartmentTestCaseRunner"/>
  <testcase name="runAdd" time="14.550" classname="swiftpass.testcase.runners.DepartmentTestCaseRunner"/>
  <testcase name="runSearch" time="17.813" classname="swiftpass.testcase.runners.DepartmentTestCaseRunner"/>
  <testcase name="runAdd" time="4.777" classname="swiftpass.testcase.runners.DepartmentTestCaseRunner"/>
  <testcase name="runAdd" time="16.294" classname="swiftpass.testcase.runners.DepartmentTestCaseRunner"/>
  <testcase name="runEdit" time="32.325" classname="swiftpass.testcase.runners.DepartmentTestCaseRunner"/>
  <testcase name="runSearch" time="17.754" classname="swiftpass.testcase.runners.DepartmentTestCaseRunner"/>
  <testcase name="runEdit" time="26.761" classname="swiftpass.testcase.runners.DepartmentTestCaseRunner"/>
  <testcase name="runAdd" time="6.095" classname="swiftpass.testcase.runners.DepartmentTestCaseRunner"/>
  <testcase name="runSearch" time="4.213" classname="swiftpass.testcase.runners.DepartmentTestCaseRunner"/>
  <testcase name="runEdit" time="26.850" classname="swiftpass.testcase.runners.DepartmentTestCaseRunner"/>
  <testcase name="runSearch" time="17.743" classname="swiftpass.testcase.runners.DepartmentTestCaseRunner"/>
  <testcase name="runEdit" time="17.275" classname="swiftpass.testcase.runners.DepartmentTestCaseRunner"/>
  <testcase name="runAdd" time="5.025" classname="swiftpass.testcase.runners.DepartmentTestCaseRunner"/>
  <testcase name="runAdd" time="20.863" classname="swiftpass.testcase.runners.DepartmentTestCaseRunner"/>
  <testcase name="runEdit" time="17.462" classname="swiftpass.testcase.runners.DepartmentTestCaseRunner"/>
</testsuite> <!-- swiftpass.testcase.runners.DepartmentTestCaseRunner -->
