<?xml version="1.0" encoding="UTF-8"?>
<!-- Generated by org.testng.reporters.JUnitReportReporter -->
<testsuite hostname="DESKTOP-N8UCBGL" name="swiftpass.testcase.runners.StoreTestCaseRunner" tests="33" failures="0" timestamp="18 Apr 2017 16:31:55 GMT" time="398.347" errors="0">
  <testcase name="runSearch" time="5.313" classname="swiftpass.testcase.runners.StoreTestCaseRunner"/>
  <testcase name="runSearch" time="5.340" classname="swiftpass.testcase.runners.StoreTestCaseRunner"/>
  <testcase name="runEdit" time="26.503" classname="swiftpass.testcase.runners.StoreTestCaseRunner"/>
  <testcase name="runSearch" time="5.298" classname="swiftpass.testcase.runners.StoreTestCaseRunner"/>
  <testcase name="runScanDetail" time="4.762" classname="swiftpass.testcase.runners.StoreTestCaseRunner"/>
  <testcase name="runAdd" time="9.343" classname="swiftpass.testcase.runners.StoreTestCaseRunner"/>
  <testcase name="runAdd" time="23.772" classname="swiftpass.testcase.runners.StoreTestCaseRunner"/>
  <testcase name="runSearch" time="5.322" classname="swiftpass.testcase.runners.StoreTestCaseRunner"/>
  <testcase name="runEdit" time="16.133" classname="swiftpass.testcase.runners.StoreTestCaseRunner"/>
  <testcase name="runSearch" time="5.240" classname="swiftpass.testcase.runners.StoreTestCaseRunner"/>
  <testcase name="runScanQRCode" time="4.818" classname="swiftpass.testcase.runners.StoreTestCaseRunner"/>
  <testcase name="runEdit" time="16.346" classname="swiftpass.testcase.runners.StoreTestCaseRunner"/>
  <testcase name="runSearch" time="5.198" classname="swiftpass.testcase.runners.StoreTestCaseRunner"/>
  <testcase name="runScanDetail" time="24.484" classname="swiftpass.testcase.runners.StoreTestCaseRunner"/>
  <testcase name="runSearch" time="5.235" classname="swiftpass.testcase.runners.StoreTestCaseRunner"/>
  <testcase name="runEdit" time="15.147" classname="swiftpass.testcase.runners.StoreTestCaseRunner"/>
  <testcase name="runSearch" time="5.164" classname="swiftpass.testcase.runners.StoreTestCaseRunner"/>
  <testcase name="runSearch" time="5.470" classname="swiftpass.testcase.runners.StoreTestCaseRunner"/>
  <testcase name="runSearch" time="5.467" classname="swiftpass.testcase.runners.StoreTestCaseRunner"/>
  <testcase name="runEdit" time="24.613" classname="swiftpass.testcase.runners.StoreTestCaseRunner"/>
  <testcase name="runSearch" time="5.425" classname="swiftpass.testcase.runners.StoreTestCaseRunner"/>
  <testcase name="runSearch" time="5.331" classname="swiftpass.testcase.runners.StoreTestCaseRunner"/>
  <testcase name="runSearch" time="5.297" classname="swiftpass.testcase.runners.StoreTestCaseRunner"/>
  <testcase name="runSearch" time="5.349" classname="swiftpass.testcase.runners.StoreTestCaseRunner"/>
  <testcase name="runSearch" time="5.352" classname="swiftpass.testcase.runners.StoreTestCaseRunner"/>
  <testcase name="runAdd" time="34.499" classname="swiftpass.testcase.runners.StoreTestCaseRunner"/>
  <testcase name="runAdd" time="26.251" classname="swiftpass.testcase.runners.StoreTestCaseRunner"/>
  <testcase name="runScanQRCode" time="24.675" classname="swiftpass.testcase.runners.StoreTestCaseRunner"/>
  <testcase name="runAdd" time="26.152" classname="swiftpass.testcase.runners.StoreTestCaseRunner"/>
  <testcase name="runEdit" time="4.170" classname="swiftpass.testcase.runners.StoreTestCaseRunner"/>
  <testcase name="runAdd" time="26.323" classname="swiftpass.testcase.runners.StoreTestCaseRunner"/>
  <testcase name="runSearch" time="5.234" classname="swiftpass.testcase.runners.StoreTestCaseRunner"/>
  <testcase name="runSearch" time="5.321" classname="swiftpass.testcase.runners.StoreTestCaseRunner"/>
</testsuite> <!-- swiftpass.testcase.runners.StoreTestCaseRunner -->
